#
# There is insufficient memory for the Java Runtime Environment to continue.
# Native memory allocation (malloc) failed to allocate 77136 bytes for Chunk::new
# Possible reasons:
#   The system is out of physical RAM or swap space
#   The process is running with CompressedOops enabled, and the Java Heap may be blocking the growth of the native heap
# Possible solutions:
#   Reduce memory load on the system
#   Increase physical memory or swap space
#   Check if swap backing store is full
#   Decrease Java heap size (-Xmx/-Xms)
#   Decrease number of Java threads
#   Decrease Java thread stack sizes (-Xss)
#   Set larger code cache with -XX:ReservedCodeCacheSize=
#   JVM is running with Zero Based Compressed Oops mode in which the Java heap is
#     placed in the first 32GB address space. The Java Heap base address is the
#     maximum limit for the native heap growth. Please use -XX:HeapBaseMinAddress
#     to set the Java Heap base and to place the Java Heap above 32GB virtual address.
# This output file may be truncated or incomplete.
#
#  Out of Memory Error (allocation.cpp:389), pid=3380, tid=0x0000000000005468
#
# JRE version: OpenJDK Runtime Environment (8.0_242-b01) (build 1.8.0_242-release-1644-b01)
# Java VM: OpenJDK 64-Bit Server VM (25.242-b01 mixed mode windows-amd64 compressed oops)
# Failed to write core dump. Minidumps are not enabled by default on client versions of Windows
#

---------------  T H R E A D  ---------------

Current thread (0x000000001dfb4000):  JavaThread "C2 CompilerThread0" daemon [_thread_in_native, id=21608, stack(0x000000001f610000,0x000000001f710000)]

Stack: [0x000000001f610000,0x000000001f710000]
[error occurred during error reporting (printing stack bounds), id 0xc0000005]

Native frames: (J=compiled Java code, j=interpreted, Vv=VM code, C=native code)


Current CompileTask:
C2:    742 1438   !   4       java.util.zip.InflaterInputStream::read (138 bytes)


---------------  P R O C E S S  ---------------

Java Threads: ( => current thread )
  0x000000001dfd1800 JavaThread "Service Thread" daemon [_thread_blocked, id=23636, stack(0x000000001fa10000,0x000000001fb10000)]
  0x000000001dfc3000 JavaThread "C1 CompilerThread3" daemon [_thread_blocked, id=6332, stack(0x000000001f910000,0x000000001fa10000)]
  0x000000001dfc1800 JavaThread "C2 CompilerThread2" daemon [_thread_blocked, id=7928, stack(0x000000001f810000,0x000000001f910000)]
  0x000000001dfbf000 JavaThread "C2 CompilerThread1" daemon [_thread_blocked, id=17476, stack(0x000000001f710000,0x000000001f810000)]
=>0x000000001dfb4000 JavaThread "C2 CompilerThread0" daemon [_thread_in_native, id=21608, stack(0x000000001f610000,0x000000001f710000)]
  0x000000001dfb3000 JavaThread "Attach Listener" daemon [_thread_blocked, id=4968, stack(0x000000001f510000,0x000000001f610000)]
  0x000000001dfb1800 JavaThread "Signal Dispatcher" daemon [_thread_blocked, id=19776, stack(0x000000001f410000,0x000000001f510000)]
  0x000000001c8e2000 JavaThread "Finalizer" daemon [_thread_blocked, id=11796, stack(0x000000001f210000,0x000000001f310000)]
  0x000000001dfa3000 JavaThread "Reference Handler" daemon [_thread_blocked, id=7720, stack(0x000000001f110000,0x000000001f210000)]
  0x0000000002b72800 JavaThread "main" [_thread_in_Java, id=1900, stack(0x0000000002a70000,0x0000000002b70000)]

Other Threads:
  0x000000001c8d5800 VMThread [stack: 0x000000001f010000,0x000000001f110000] [id=20928]
  0x000000001dfd3000 WatcherThread [stack: 0x000000001fb10000,0x000000001fc10000] [id=16592]

VM state:not at safepoint (normal execution)

VM Mutex/Monitor currently owned by a thread: None

heap address: 0x00000006c1200000, size: 4078 MB, Compressed Oops mode: Zero based, Oop shift amount: 3
Narrow klass base: 0x0000000000000000, Narrow klass shift: 3
Compressed class space size: 1073741824 Address: 0x00000007c0000000

Heap:
 PSYoungGen      total 76288K, used 17946K [0x000000076b100000, 0x0000000774600000, 0x00000007c0000000)
  eden space 65536K, 10% used [0x000000076b100000,0x000000076b809b98,0x000000076f100000)
  from space 10752K, 99% used [0x000000076f100000,0x000000076fb7cf60,0x000000076fb80000)
  to   space 10752K, 0% used [0x0000000773b80000,0x0000000773b80000,0x0000000774600000)
 ParOldGen       total 175104K, used 4848K [0x00000006c1200000, 0x00000006cbd00000, 0x000000076b100000)
  object space 175104K, 2% used [0x00000006c1200000,0x00000006c16bc248,0x00000006cbd00000)
 Metaspace       used 17419K, capacity 17632K, committed 17792K, reserved 1067008K
  class space    used 1994K, capacity 2074K, committed 2176K, reserved 1048576K

Card table byte_map: [0x0000000012030000,0x0000000012830000] byte_map_base: 0x000000000ea27000

Marking Bits: (ParMarkBitMap*) 0x000000007550f030
 Begin Bits: [0x0000000013780000, 0x0000000017738000)
 End Bits:   [0x0000000017738000, 0x000000001b6f0000)

Polling page: 0x0000000000b20000

CodeCache: size=245760Kb used=4621Kb max_used=4623Kb free=241138Kb
 bounds [0x0000000002c70000, 0x0000000003100000, 0x0000000011c70000]
 total_blobs=1838 nmethods=1446 adapters=305
 compilation: enabled

Compilation events (10 events):
Event: 0.719 Thread 0x000000001dfb4000 1434       4       java.lang.String::regionMatches (149 bytes)
Event: 0.723 Thread 0x000000001dfb4000 nmethod 1434 0x00000000030ed2d0 code [0x00000000030ed440, 0x00000000030edc98]
Event: 0.734 Thread 0x000000001dfc3000 1435   !   3       java.lang.invoke.MemberName$Factory::resolve (145 bytes)
Event: 0.735 Thread 0x000000001dfb4000 1438   !   4       java.util.zip.InflaterInputStream::read (138 bytes)
Event: 0.735 Thread 0x000000001dfc3000 nmethod 1435 0x00000000030ec010 code [0x00000000030ec200, 0x00000000030eca88]
Event: 0.735 Thread 0x000000001dfc3000 1437       3       java.lang.invoke.MemberName::access$002 (7 bytes)
Event: 0.735 Thread 0x000000001dfc3000 nmethod 1437 0x00000000030ebcd0 code [0x00000000030ebe20, 0x00000000030ebf70]
Event: 0.738 Thread 0x000000001dfc3000 1439       3       java.io.BufferedInputStream::getBufIfOpen (21 bytes)
Event: 0.739 Thread 0x000000001dfc3000 nmethod 1439 0x00000000030eabd0 code [0x00000000030ead40, 0x00000000030eaf88]
Event: 0.739 Thread 0x000000001dfc3000 1441       3       java.io.DataInputStream::readUTF (501 bytes)

GC Heap History (2 events):
Event: 0.674 GC heap before
{Heap before GC invocations=1 (full 0):
 PSYoungGen      total 76288K, used 65536K [0x000000076b100000, 0x0000000770600000, 0x00000007c0000000)
  eden space 65536K, 100% used [0x000000076b100000,0x000000076f100000,0x000000076f100000)
  from space 10752K, 0% used [0x000000076fb80000,0x000000076fb80000,0x0000000770600000)
  to   space 10752K, 0% used [0x000000076f100000,0x000000076f100000,0x000000076fb80000)
 ParOldGen       total 175104K, used 0K [0x00000006c1200000, 0x00000006cbd00000, 0x000000076b100000)
  object space 175104K, 0% used [0x00000006c1200000,0x00000006c1200000,0x00000006cbd00000)
 Metaspace       used 15746K, capacity 15986K, committed 16256K, reserved 1062912K
  class space    used 1795K, capacity 1867K, committed 1920K, reserved 1048576K
Event: 0.682 GC heap after
Heap after GC invocations=1 (full 0):
 PSYoungGen      total 76288K, used 10739K [0x000000076b100000, 0x0000000774600000, 0x00000007c0000000)
  eden space 65536K, 0% used [0x000000076b100000,0x000000076b100000,0x000000076f100000)
  from space 10752K, 99% used [0x000000076f100000,0x000000076fb7cf60,0x000000076fb80000)
  to   space 10752K, 0% used [0x0000000773b80000,0x0000000773b80000,0x0000000774600000)
 ParOldGen       total 175104K, used 4848K [0x00000006c1200000, 0x00000006cbd00000, 0x000000076b100000)
  object space 175104K, 2% used [0x00000006c1200000,0x00000006c16bc248,0x00000006cbd00000)
 Metaspace       used 15746K, capacity 15986K, committed 16256K, reserved 1062912K
  class space    used 1795K, capacity 1867K, committed 1920K, reserved 1048576K
}

Deoptimization events (6 events):
Event: 0.240 Thread 0x0000000002b72800 Uncommon trap: reason=unstable_if action=reinterpret pc=0x0000000002e81d38 method=sun.misc.URLClassPath.getLoader(I)Lsun/misc/URLClassPath$Loader; @ 36
Event: 0.240 Thread 0x0000000002b72800 Uncommon trap: reason=unstable_if action=reinterpret pc=0x0000000002e77a24 method=sun.misc.URLClassPath.getLoader(I)Lsun/misc/URLClassPath$Loader; @ 36
Event: 0.241 Thread 0x0000000002b72800 Uncommon trap: reason=unstable_if action=reinterpret pc=0x0000000002e47148 method=java.lang.String.indexOf([CII[CIII)I @ 134
Event: 0.382 Thread 0x0000000002b72800 Uncommon trap: reason=unstable_if action=reinterpret pc=0x0000000002efa188 method=kotlin.reflect.jvm.internal.impl.protobuf.CodedInputStream.readRawVarint32()I @ 10
Event: 0.537 Thread 0x0000000002b72800 Uncommon trap: reason=unstable_if action=reinterpret pc=0x0000000002f4bca4 method=java.lang.Integer.valueOf(I)Ljava/lang/Integer; @ 3
Event: 0.686 Thread 0x000000001c8e2000 Uncommon trap: reason=unstable_if action=reinterpret pc=0x00000000030c3f1c method=java.lang.ref.ReferenceQueue.poll()Ljava/lang/ref/Reference; @ 4

Classes redefined (0 events):
No events

Internal exceptions (10 events):
Event: 0.103 Thread 0x0000000002b72800 Exception <a 'java/lang/NoSuchFieldError': method resolution failed> (0x000000076b51aa48) thrown at [C:\src\AOSP-openjdk-git\hotspot\src\share\vm\prims\methodHandles.cpp, line 1167]
Event: 0.240 Thread 0x0000000002b72800 Exception <a 'java/security/PrivilegedActionException'> (0x000000076c196cb8) thrown at [C:\src\AOSP-openjdk-git\hotspot\src\share\vm\prims\jvm.cpp, line 1502]
Event: 0.240 Thread 0x0000000002b72800 Exception <a 'java/security/PrivilegedActionException'> (0x000000076c1970b0) thrown at [C:\src\AOSP-openjdk-git\hotspot\src\share\vm\prims\jvm.cpp, line 1502]
Event: 0.241 Thread 0x0000000002b72800 Exception <a 'java/security/PrivilegedActionException'> (0x000000076c19b360) thrown at [C:\src\AOSP-openjdk-git\hotspot\src\share\vm\prims\jvm.cpp, line 1502]
Event: 0.241 Thread 0x0000000002b72800 Exception <a 'java/security/PrivilegedActionException'> (0x000000076c19b758) thrown at [C:\src\AOSP-openjdk-git\hotspot\src\share\vm\prims\jvm.cpp, line 1502]
Event: 0.241 Thread 0x0000000002b72800 Exception <a 'java/security/PrivilegedActionException'> (0x000000076c19d298) thrown at [C:\src\AOSP-openjdk-git\hotspot\src\share\vm\prims\jvm.cpp, line 1502]
Event: 0.241 Thread 0x0000000002b72800 Exception <a 'java/security/PrivilegedActionException'> (0x000000076c19d690) thrown at [C:\src\AOSP-openjdk-git\hotspot\src\share\vm\prims\jvm.cpp, line 1502]
Event: 0.367 Thread 0x0000000002b72800 Exception <a 'java/lang/ArrayIndexOutOfBoundsException'> (0x000000076cf7b9b0) thrown at [C:\src\AOSP-openjdk-git\hotspot\src\share\vm\runtime\sharedRuntime.cpp, line 605]
Event: 0.466 Thread 0x0000000002b72800 Exception <a 'java/lang/ArrayIndexOutOfBoundsException'> (0x000000076d985968) thrown at [C:\src\AOSP-openjdk-git\hotspot\src\share\vm\runtime\sharedRuntime.cpp, line 605]
Event: 0.716 Thread 0x0000000002b72800 Exception <a 'java/lang/NoSuchMethodError': java.lang.Object.lambda$static$0()J> (0x000000076b529050) thrown at [C:\src\AOSP-openjdk-git\hotspot\src\share\vm\interpreter\linkResolver.cpp, line 620]

Events (10 events):
Event: 0.737 loading class sun/util/calendar/Gregorian
Event: 0.738 loading class sun/util/calendar/BaseCalendar
Event: 0.738 loading class sun/util/calendar/AbstractCalendar
Event: 0.738 loading class sun/util/calendar/AbstractCalendar done
Event: 0.738 loading class sun/util/calendar/BaseCalendar done
Event: 0.738 loading class sun/util/calendar/Gregorian done
Event: 0.738 loading class sun/util/calendar/ZoneInfoFile
Event: 0.738 loading class sun/util/calendar/ZoneInfoFile done
Event: 0.738 loading class sun/util/calendar/ZoneInfoFile$1
Event: 0.738 loading class sun/util/calendar/ZoneInfoFile$1 done


Dynamic libraries:
0x00007ff7beb00000 - 0x00007ff7beb31000 	C:\Program Files\Android\Android Studio1\jre\jre\bin\java.exe
0x00007ffdd2510000 - 0x00007ffdd2705000 	C:\WINDOWS\SYSTEM32\ntdll.dll
0x00007ffdd1410000 - 0x00007ffdd14cd000 	C:\WINDOWS\System32\KERNEL32.DLL
0x00007ffdd0070000 - 0x00007ffdd0338000 	C:\WINDOWS\System32\KERNELBASE.dll
0x00007ffdd1ad0000 - 0x00007ffdd1b7c000 	C:\WINDOWS\System32\ADVAPI32.dll
0x00007ffdd14d0000 - 0x00007ffdd156e000 	C:\WINDOWS\System32\msvcrt.dll
0x00007ffdd0dc0000 - 0x00007ffdd0e5b000 	C:\WINDOWS\System32\sechost.dll
0x00007ffdd1c10000 - 0x00007ffdd1d3b000 	C:\WINDOWS\System32\RPCRT4.dll
0x00007ffdd1860000 - 0x00007ffdd1a00000 	C:\WINDOWS\System32\USER32.dll
0x00007ffdcfd90000 - 0x00007ffdcfdb2000 	C:\WINDOWS\System32\win32u.dll
0x00007ffdd0a60000 - 0x00007ffdd0a8a000 	C:\WINDOWS\System32\GDI32.dll
0x00007ffdcfc50000 - 0x00007ffdcfd5b000 	C:\WINDOWS\System32\gdi32full.dll
0x00007ffdcfdc0000 - 0x00007ffdcfe5d000 	C:\WINDOWS\System32\msvcp_win.dll
0x00007ffdd0470000 - 0x00007ffdd0570000 	C:\WINDOWS\System32\ucrtbase.dll
0x00007ffdbc1f0000 - 0x00007ffdbc48a000 	C:\WINDOWS\WinSxS\amd64_microsoft.windows.common-controls_6595b64144ccf1df_6.0.19041.844_none_ca00b6081b84eb1d\COMCTL32.dll
0x00007ffdd2490000 - 0x00007ffdd24c0000 	C:\WINDOWS\System32\IMM32.DLL
0x0000000074be0000 - 0x0000000074cb2000 	C:\Program Files\Android\Android Studio1\jre\jre\bin\msvcr100.dll
0x0000000074d40000 - 0x000000007558b000 	C:\Program Files\Android\Android Studio1\jre\jre\bin\server\jvm.dll
0x00007ffdd24c0000 - 0x00007ffdd24c8000 	C:\WINDOWS\System32\PSAPI.DLL
0x00007ffdca1e0000 - 0x00007ffdca1e9000 	C:\WINDOWS\SYSTEM32\WSOCK32.dll
0x00007ffdc7d70000 - 0x00007ffdc7d7a000 	C:\WINDOWS\SYSTEM32\VERSION.dll
0x00007ffdc3e50000 - 0x00007ffdc3e77000 	C:\WINDOWS\SYSTEM32\WINMM.dll
0x00007ffdd1a00000 - 0x00007ffdd1a6b000 	C:\WINDOWS\System32\WS2_32.dll
0x00007ffdca1d0000 - 0x00007ffdca1df000 	C:\Program Files\Android\Android Studio1\jre\jre\bin\verify.dll
0x00007ffdb8bf0000 - 0x00007ffdb8c19000 	C:\Program Files\Android\Android Studio1\jre\jre\bin\java.dll
0x00007ffdc9f50000 - 0x00007ffdc9f66000 	C:\Program Files\Android\Android Studio1\jre\jre\bin\zip.dll
0x00007ffdd1d40000 - 0x00007ffdd2482000 	C:\WINDOWS\System32\SHELL32.dll
0x00007ffdcdd70000 - 0x00007ffdce501000 	C:\WINDOWS\SYSTEM32\windows.storage.dll
0x00007ffdd10b0000 - 0x00007ffdd1405000 	C:\WINDOWS\System32\combase.dll
0x00007ffdcf650000 - 0x00007ffdcf67c000 	C:\WINDOWS\SYSTEM32\Wldp.dll
0x00007ffdd0d00000 - 0x00007ffdd0dae000 	C:\WINDOWS\System32\SHCORE.dll
0x00007ffdd0e60000 - 0x00007ffdd0eb5000 	C:\WINDOWS\System32\shlwapi.dll
0x00007ffdcfb90000 - 0x00007ffdcfbaf000 	C:\WINDOWS\SYSTEM32\profapi.dll

VM Arguments:
java_command: org.jetbrains.kotlin.cli.jvm.K2JVMCompiler @C:\Users\tegar\AndroidStudioProjects\Charaka\app\build\20210510_5573323531496853248.compiler.options
java_class_path (initial): C:\Users\tegar\.gradle\caches\modules-2\files-2.1\org.jetbrains.kotlin\kotlin-compiler-embeddable\1.4.31\6451ea797cef544e81f507b0d9959cd97ae09c0\kotlin-compiler-embeddable-1.4.31.jar;C:\Users\tegar\.gradle\caches\modules-2\files-2.1\org.jetbrains.kotlin\kotlin-reflect\1.4.31\63db9d66c3d20f7b8f66196e7ba86969daae8b8a\kotlin-reflect-1.4.31.jar;C:\Users\tegar\.gradle\caches\modules-2\files-2.1\org.jetbrains.kotlin\kotlin-stdlib\1.4.31\a58e0fb9812a6a93ca24b5da75e4b5a0cb89c957\kotlin-stdlib-1.4.31.jar;C:\Users\tegar\.gradle\caches\modules-2\files-2.1\org.jetbrains.kotlin\kotlin-script-runtime\1.4.31\183616b52cfb8ddaa8a2a15bf926e87dfcddcde3\kotlin-script-runtime-1.4.31.jar;C:\Users\tegar\.gradle\caches\modules-2\files-2.1\org.jetbrains.kotlin\kotlin-daemon-embeddable\1.4.31\10faf8ac3dd5975ed972b2bc395b4ffc7ffde246\kotlin-daemon-embeddable-1.4.31.jar;C:\Users\tegar\.gradle\caches\modules-2\files-2.1\org.jetbrains.intellij.deps\trove4j\1.0.20181211\216c2e14b070f334479d800987affe4054cd563f\trove4j-1.0.20181211.jar;C:\Users\tegar\.gradle\caches\modules-2\files-2.1\org.jetbrains.kotlin\kotlin-stdlib-common\1.4.31\6dd50665802f54ba9bc3f70ecb20227d1bc81323\kotlin-stdlib-common-1.4.31.jar;C:\Users\tegar\.gradle\caches\modules-2\files-2.1\org.jetbrains\annotations\13.0\919f0dfe192fb4e063e7dacadee7f8bb9a2672a9\annotations-13.0.jar;C:\Program Files\Android\Android Studio1\jre\lib\tools.jar
Launcher Type: SUN_STANDARD

Environment Variables:
PATH=C:\Program Files\Common Files\Oracle\Java\javapath;C:\Windows\system32;C:\Windows;C:\Windows\System32\Wbem;C:\Windows\System32\WindowsPowerShell\v1.0\;C:\Windows\System32\OpenSSH\;C:\Program Files (x86)\NVIDIA Corporation\PhysX\Common;C:\Program Files\NVIDIA Corporation\NVIDIA NvDLISR;C:\Program Files\Git\cmd;C:\WINDOWS\system32;C:\WINDOWS;C:\WINDOWS\System32\Wbem;C:\WINDOWS\System32\WindowsPowerShell\v1.0\;C:\WINDOWS\System32\OpenSSH\;C:\xampp\php;C:\composer;C:\gradle-6.6\bin;C:\Program Files\nodejs\;C:\Users\tegar\AppData\Local\Microsoft\WindowsApps;C:\Users\tegar\AppData\Local\Programs\Microsoft VS Code\bin;C:\Program Files\JetBrains\IntelliJ IDEA Community Edition 2019.3.3\bin;;C:\Project\flutter\bin;C:\Users\tegar\AppData\Local\GitHubDesktop\bin;C:\Users\tegar\AppData\Roaming\Composer\vendor\bin;C:\Users\tegar\AppData\Roaming\npm;C:\Program Files\heroku\bin
USERNAME=tegar
OS=Windows_NT
PROCESSOR_IDENTIFIER=Intel64 Family 6 Model 158 Stepping 13, GenuineIntel



---------------  S Y S T E M  ---------------

OS: Windows 10.0 , 64 bit Build 19041 (10.0.19041.928)

CPU:total 12 (initial active 12) (6 cores per cpu, 2 threads per core) family 6 model 158 stepping 13, cmov, cx8, fxsr, mmx, sse, sse2, sse3, ssse3, sse4.1, sse4.2, popcnt, avx, avx2, aes, clmul, erms, 3dnowpref, lzcnt, ht, tsc, tscinvbit, bmi1, bmi2, adx

Memory: 4k page, physical 16695540k(4074040k free), swap 16695540k(5132k free)

vm_info: OpenJDK 64-Bit Server VM (25.242-b01) for windows-amd64 JRE (1.8.0_242-release-1644-b01), built by "builder" with MS VC++ 10.0 (VS2010)

time: Mon May 10 23:05:43 2021
timezone: SE Asia Standard Time
elapsed time: 0 seconds (0d 0h 0m 0s)

